<?xml version="1.0" encoding="UTF-8"?>
<!-- Generated by org.testng.reporters.JUnitXMLReporter -->
<testsuite ignored="0" hostname="DESKTOP-QQNR5A8" failures="0" tests="3" name="Default test" time="12.451" errors="0" timestamp="2026-03-12T12:47:11 IST">
  <testcase classname="shopperCartPojo.ShopperCart" name="fetchAllProducts" time="3.728"/>
  <testcase classname="shopperCartPojo.ShopperCart" name="addToCart" time="1.058"/>
  <testcase classname="shopperCartPojo.ShopperCart" name="deleteCart" time="0.643"/>
</testsuite> <!-- Default test -->
