<?xml version="1.0" encoding="UTF-8"?>
<testng-results ignored="0" total="3" passed="3" failed="0" skipped="0">
  <reporter-output>
  </reporter-output>
  <suite started-at="2026-03-12T12:46:59 IST" name="Default suite" finished-at="2026-03-12T12:47:11 IST" duration-ms="12451">
    <groups>
    </groups>
    <test started-at="2026-03-12T12:46:59 IST" name="Default test" finished-at="2026-03-12T12:47:11 IST" duration-ms="12451">
      <class name="shopperCartPojo.ShopperCart">
        <test-method is-config="true" signature="login()[pri:0, instance:shopperCartPojo.ShopperCart@34e9fd99]" started-at="2026-03-12T12:46:59 IST" name="login" finished-at="2026-03-12T12:47:06 IST" duration-ms="6859" status="PASS">
          <reporter-output>
          </reporter-output>
        </test-method> <!-- login -->
        <test-method signature="fetchAllProducts()[pri:0, instance:shopperCartPojo.ShopperCart@34e9fd99]" started-at="2026-03-12T12:47:06 IST" name="fetchAllProducts" finished-at="2026-03-12T12:47:10 IST" duration-ms="3728" status="PASS">
          <reporter-output>
          </reporter-output>
        </test-method> <!-- fetchAllProducts -->
        <test-method signature="addToCart()[pri:0, instance:shopperCartPojo.ShopperCart@34e9fd99]" started-at="2026-03-12T12:47:10 IST" name="addToCart" finished-at="2026-03-12T12:47:11 IST" depends-on-methods="shopperCartPojo.ShopperCart.fetchAllProducts" duration-ms="1058" status="PASS">
          <reporter-output>
          </reporter-output>
        </test-method> <!-- addToCart -->
        <test-method signature="deleteCart()[pri:0, instance:shopperCartPojo.ShopperCart@34e9fd99]" started-at="2026-03-12T12:47:11 IST" name="deleteCart" finished-at="2026-03-12T12:47:11 IST" depends-on-methods="shopperCartPojo.ShopperCart.addToCart" duration-ms="643" status="PASS">
          <reporter-output>
          </reporter-output>
        </test-method> <!-- deleteCart -->
      </class> <!-- shopperCartPojo.ShopperCart -->
    </test> <!-- Default test -->
  </suite> <!-- Default suite -->
</testng-results>
